2017-04-20 10:39:00.427+0000 WARN  [o.n.i.p.PageCache] The dbms.memory.pagecache.size setting has not been configured. It is recommended that this setting is always explicitly configured, to ensure the system has a balanced configuration. Until then, a computed heuristic value of 6681001984 bytes will be used instead. 
2017-04-20 10:39:00.528+0000 INFO  [o.n.k.i.f.CommunityEditionModule] No locking implementation specified, defaulting to 'community'
2017-04-20 10:39:00.537+0000 INFO  [o.n.k.AvailabilityGuard] Requirement makes database unavailable: Database available
2017-04-20 10:39:00.537+0000 INFO  [o.n.k.i.DiagnosticsManager] --- INITIALIZED diagnostics START ---
2017-04-20 10:39:00.537+0000 INFO  [o.n.k.i.DiagnosticsManager] Neo4j Kernel properties:
2017-04-20 10:39:00.537+0000 INFO  [o.n.k.i.DiagnosticsManager] dbms.connector.http.enabled=true
2017-04-20 10:39:00.537+0000 INFO  [o.n.k.i.DiagnosticsManager] dbms.security.auth_enabled=true
2017-04-20 10:39:00.537+0000 INFO  [o.n.k.i.DiagnosticsManager] dbms.logs.http.enabled=false
2017-04-20 10:39:00.537+0000 INFO  [o.n.k.i.DiagnosticsManager] unsupported.dbms.directories.neo4j_home=/Users/kelvin2/Documents/Neo4j/GraphTheory.graphdb
2017-04-20 10:39:00.537+0000 INFO  [o.n.k.i.DiagnosticsManager] dbms.directories.import=import
2017-04-20 10:39:00.537+0000 INFO  [o.n.k.i.DiagnosticsManager] unsupported.dbms.edition=community
2017-04-20 10:39:00.537+0000 INFO  [o.n.k.i.DiagnosticsManager] dbms.connector.bolt.enabled=true
2017-04-20 10:39:00.537+0000 INFO  [o.n.k.i.DiagnosticsManager] dbms.connector.https.enabled=true
2017-04-20 10:39:00.537+0000 INFO  [o.n.k.i.DiagnosticsManager] unsupported.dbms.directories.database=/Users/kelvin2/Documents/Neo4j/GraphTheory.graphdb
2017-04-20 10:39:00.537+0000 INFO  [o.n.k.i.DiagnosticsManager] Diagnostics providers:
2017-04-20 10:39:00.537+0000 INFO  [o.n.k.i.DiagnosticsManager] org.neo4j.kernel.configuration.Config
2017-04-20 10:39:00.537+0000 INFO  [o.n.k.i.DiagnosticsManager] org.neo4j.kernel.info.DiagnosticsManager
2017-04-20 10:39:00.537+0000 INFO  [o.n.k.i.DiagnosticsManager] SYSTEM_MEMORY
2017-04-20 10:39:00.537+0000 INFO  [o.n.k.i.DiagnosticsManager] JAVA_MEMORY
2017-04-20 10:39:00.537+0000 INFO  [o.n.k.i.DiagnosticsManager] OPERATING_SYSTEM
2017-04-20 10:39:00.537+0000 INFO  [o.n.k.i.DiagnosticsManager] JAVA_VIRTUAL_MACHINE
2017-04-20 10:39:00.537+0000 INFO  [o.n.k.i.DiagnosticsManager] CLASSPATH
2017-04-20 10:39:00.537+0000 INFO  [o.n.k.i.DiagnosticsManager] LIBRARY_PATH
2017-04-20 10:39:00.537+0000 INFO  [o.n.k.i.DiagnosticsManager] SYSTEM_PROPERTIES
2017-04-20 10:39:00.537+0000 INFO  [o.n.k.i.DiagnosticsManager] NETWORK
2017-04-20 10:39:00.537+0000 INFO  [o.n.k.i.DiagnosticsManager] System memory information:
2017-04-20 10:39:00.537+0000 INFO  [o.n.k.i.DiagnosticsManager] Total Physical memory: 16.00 GB
2017-04-20 10:39:00.537+0000 INFO  [o.n.k.i.DiagnosticsManager] Free Physical memory: 47.97 MB
2017-04-20 10:39:00.537+0000 INFO  [o.n.k.i.DiagnosticsManager] Committed virtual memory: 10.06 GB
2017-04-20 10:39:00.538+0000 INFO  [o.n.k.i.DiagnosticsManager] Total swap space: 1.00 GB
2017-04-20 10:39:00.538+0000 INFO  [o.n.k.i.DiagnosticsManager] Free swap space: 881.75 MB
2017-04-20 10:39:00.538+0000 INFO  [o.n.k.i.DiagnosticsManager] JVM memory information:
2017-04-20 10:39:00.538+0000 INFO  [o.n.k.i.DiagnosticsManager] Free  memory: 252.55 MB
2017-04-20 10:39:00.538+0000 INFO  [o.n.k.i.DiagnosticsManager] Total memory: 575.00 MB
2017-04-20 10:39:00.538+0000 INFO  [o.n.k.i.DiagnosticsManager] Max   memory: 3.56 GB
2017-04-20 10:39:00.538+0000 INFO  [o.n.k.i.DiagnosticsManager] Garbage Collector: PS Scavenge: [PS Eden Space, PS Survivor Space]
2017-04-20 10:39:00.538+0000 INFO  [o.n.k.i.DiagnosticsManager] Garbage Collector: PS MarkSweep: [PS Eden Space, PS Survivor Space, PS Old Gen]
2017-04-20 10:39:00.538+0000 INFO  [o.n.k.i.DiagnosticsManager] Memory Pool: Code Cache (Non-heap memory): committed=31.50 MB, used=31.15 MB, max=240.00 MB, threshold=0.00 B
2017-04-20 10:39:00.538+0000 INFO  [o.n.k.i.DiagnosticsManager] Memory Pool: Metaspace (Non-heap memory): committed=76.77 MB, used=74.68 MB, max=-1.00 B, threshold=0.00 B
2017-04-20 10:39:00.538+0000 INFO  [o.n.k.i.DiagnosticsManager] Memory Pool: Compressed Class Space (Non-heap memory): committed=11.79 MB, used=11.36 MB, max=1.00 GB, threshold=0.00 B
2017-04-20 10:39:00.538+0000 INFO  [o.n.k.i.DiagnosticsManager] Memory Pool: PS Eden Space (Heap memory): committed=307.50 MB, used=243.19 MB, max=1.25 GB, threshold=?
2017-04-20 10:39:00.538+0000 INFO  [o.n.k.i.DiagnosticsManager] Memory Pool: PS Survivor Space (Heap memory): committed=44.50 MB, used=11.20 MB, max=44.50 MB, threshold=?
2017-04-20 10:39:00.538+0000 INFO  [o.n.k.i.DiagnosticsManager] Memory Pool: PS Old Gen (Heap memory): committed=223.00 MB, used=68.07 MB, max=2.67 GB, threshold=0.00 B
2017-04-20 10:39:00.538+0000 INFO  [o.n.k.i.DiagnosticsManager] Operating system information:
2017-04-20 10:39:00.538+0000 INFO  [o.n.k.i.DiagnosticsManager] Operating System: Mac OS X; version: 10.11.6; arch: x86_64; cpus: 4
2017-04-20 10:39:00.538+0000 INFO  [o.n.k.i.DiagnosticsManager] Max number of file descriptors: 10240
2017-04-20 10:39:00.538+0000 INFO  [o.n.k.i.DiagnosticsManager] Number of open file descriptors: 56
2017-04-20 10:39:00.820+0000 INFO  [o.n.k.i.DiagnosticsManager] Process id: 40711@Kelvins-MacBook-Pro-2.local
2017-04-20 10:39:00.820+0000 INFO  [o.n.k.i.DiagnosticsManager] Byte order: LITTLE_ENDIAN
2017-04-20 10:39:00.820+0000 INFO  [o.n.k.i.DiagnosticsManager] Local timezone: Europe/Dublin
2017-04-20 10:39:00.820+0000 INFO  [o.n.k.i.DiagnosticsManager] JVM information:
2017-04-20 10:39:00.820+0000 INFO  [o.n.k.i.DiagnosticsManager] VM Name: Java HotSpot(TM) 64-Bit Server VM
2017-04-20 10:39:00.820+0000 INFO  [o.n.k.i.DiagnosticsManager] VM Vendor: Oracle Corporation
2017-04-20 10:39:00.820+0000 INFO  [o.n.k.i.DiagnosticsManager] VM Version: 25.60-b23
2017-04-20 10:39:00.820+0000 INFO  [o.n.k.i.DiagnosticsManager] JIT compiler: HotSpot 64-Bit Tiered Compilers
2017-04-20 10:39:00.820+0000 INFO  [o.n.k.i.DiagnosticsManager] VM Arguments: [-Dfile.encoding=UTF-8, -Dinstall4j.launcherId=24, -Dinstall4j.swt=false, -Dexe4j.moduleName=/Applications/Neo4j Community Edition 3.1.3.app, -Di4j.ownBundlePath=/Applications/Neo4j Community Edition 3.1.3.app, -Di4j.jreBundle=/Applications/Neo4j Community Edition 3.1.3.app/Contents/Resources/jre.bundle]
2017-04-20 10:39:00.820+0000 INFO  [o.n.k.i.DiagnosticsManager] Java classpath:
2017-04-20 10:39:00.996+0000 INFO  [o.n.k.i.DiagnosticsManager]  [loader.1] file:/System/Library/Java/Extensions/mlibwrapper_jai.jar
2017-04-20 10:39:00.996+0000 INFO  [o.n.k.i.DiagnosticsManager]  [loader.1] file:/Applications/Neo4j%20Community%20Edition%203.1.3.app/Contents/Resources/jre.bundle/Contents/Home/jre/lib/ext/nashorn.jar
2017-04-20 10:39:00.996+0000 INFO  [o.n.k.i.DiagnosticsManager]  [bootstrap] /Applications/Neo4j Community Edition 3.1.3.app/Contents/Resources/jre.bundle/Contents/Home/jre/lib/jfr.jar
2017-04-20 10:39:00.996+0000 INFO  [o.n.k.i.DiagnosticsManager]  [loader.1] file:/System/Library/Java/Extensions/libJ3DUtils.jnilib
2017-04-20 10:39:00.996+0000 INFO  [o.n.k.i.DiagnosticsManager]  [loader.1] file:/System/Library/Java/Extensions/j3daudio.jar
2017-04-20 10:39:00.996+0000 INFO  [o.n.k.i.DiagnosticsManager]  [loader.1] file:/Applications/Neo4j%20Community%20Edition%203.1.3.app/Contents/Resources/jre.bundle/Contents/Home/jre/lib/ext/jfxrt.jar
2017-04-20 10:39:00.996+0000 INFO  [o.n.k.i.DiagnosticsManager]  [loader.1] file:/Applications/Neo4j%20Community%20Edition%203.1.3.app/Contents/Resources/jre.bundle/Contents/Home/jre/lib/ext/localedata.jar
2017-04-20 10:39:00.996+0000 INFO  [o.n.k.i.DiagnosticsManager]  [loader.1] file:/Applications/Neo4j%20Community%20Edition%203.1.3.app/Contents/Resources/jre.bundle/Contents/Home/jre/lib/ext/zipfs.jar
2017-04-20 10:39:00.996+0000 INFO  [o.n.k.i.DiagnosticsManager]  [bootstrap] /Applications/Neo4j Community Edition 3.1.3.app/Contents/Resources/jre.bundle/Contents/Home/jre/lib/sunrsasign.jar
2017-04-20 10:39:00.996+0000 INFO  [o.n.k.i.DiagnosticsManager]  [bootstrap] /Applications/Neo4j Community Edition 3.1.3.app/Contents/Resources/jre.bundle/Contents/Home/jre/lib/charsets.jar
2017-04-20 10:39:00.996+0000 INFO  [o.n.k.i.DiagnosticsManager]  [loader.0] file:/Applications/Neo4j%20Community%20Edition%203.1.3.app/Contents/Resources/app/.install4j/i4jruntime.jar
2017-04-20 10:39:00.996+0000 INFO  [o.n.k.i.DiagnosticsManager]  [loader.1] file:/System/Library/Java/Extensions/AppleScriptEngine.jar
2017-04-20 10:39:00.996+0000 INFO  [o.n.k.i.DiagnosticsManager]  [loader.1] file:/System/Library/Java/Extensions/j3dutils.jar
2017-04-20 10:39:00.996+0000 INFO  [o.n.k.i.DiagnosticsManager]  [loader.1] file:/System/Library/Java/Extensions/jai_codec.jar
2017-04-20 10:39:00.996+0000 INFO  [o.n.k.i.DiagnosticsManager]  [loader.1] file:/Applications/Neo4j%20Community%20Edition%203.1.3.app/Contents/Resources/jre.bundle/Contents/Home/jre/lib/ext/sunjce_provider.jar
2017-04-20 10:39:00.996+0000 INFO  [o.n.k.i.DiagnosticsManager]  [loader.1] file:/Applications/Neo4j%20Community%20Edition%203.1.3.app/Contents/Resources/jre.bundle/Contents/Home/jre/lib/ext/sunpkcs11.jar
2017-04-20 10:39:00.996+0000 INFO  [o.n.k.i.DiagnosticsManager]  [classpath] /Applications/Neo4j Community Edition 3.1.3.app/Contents/Resources/app/bin/neo4j-desktop-3.1.3.jar
2017-04-20 10:39:00.996+0000 INFO  [o.n.k.i.DiagnosticsManager]  [loader.1] file:/Applications/Neo4j%20Community%20Edition%203.1.3.app/Contents/Resources/jre.bundle/Contents/Home/jre/lib/ext/sunec.jar
2017-04-20 10:39:00.996+0000 INFO  [o.n.k.i.DiagnosticsManager]  [loader.1] file:/System/Library/Java/Extensions/vecmath.jar
2017-04-20 10:39:00.996+0000 INFO  [o.n.k.i.DiagnosticsManager]  [loader.1] file:/Applications/Neo4j%20Community%20Edition%203.1.3.app/Contents/Resources/jre.bundle/Contents/Home/jre/lib/ext/cldrdata.jar
2017-04-20 10:39:00.996+0000 INFO  [o.n.k.i.DiagnosticsManager]  [loader.1] file:/Applications/Neo4j%20Community%20Edition%203.1.3.app/Contents/Resources/jre.bundle/Contents/Home/jre/lib/ext/jaccess.jar
2017-04-20 10:39:00.996+0000 INFO  [o.n.k.i.DiagnosticsManager]  [bootstrap] /Applications/Neo4j Community Edition 3.1.3.app/Contents/Resources/jre.bundle/Contents/Home/jre/lib/jsse.jar
2017-04-20 10:39:00.996+0000 INFO  [o.n.k.i.DiagnosticsManager]  [loader.1] file:/System/Library/Java/Extensions/libJ3D.jnilib
2017-04-20 10:39:00.996+0000 INFO  [o.n.k.i.DiagnosticsManager]  [bootstrap] /Applications/Neo4j Community Edition 3.1.3.app/Contents/Resources/jre.bundle/Contents/Home/jre/classes
2017-04-20 10:39:00.996+0000 INFO  [o.n.k.i.DiagnosticsManager]  [loader.1] file:/usr/lib/java/libjdns_sd.jnilib
2017-04-20 10:39:00.996+0000 INFO  [o.n.k.i.DiagnosticsManager]  [loader.1] file:/System/Library/Java/Extensions/libmlib_jai.jnilib
2017-04-20 10:39:00.996+0000 INFO  [o.n.k.i.DiagnosticsManager]  [bootstrap] /Applications/Neo4j Community Edition 3.1.3.app/Contents/Resources/jre.bundle/Contents/Home/jre/lib/resources.jar
2017-04-20 10:39:00.996+0000 INFO  [o.n.k.i.DiagnosticsManager]  [bootstrap] /Applications/Neo4j Community Edition 3.1.3.app/Contents/Resources/jre.bundle/Contents/Home/jre/lib/jce.jar
2017-04-20 10:39:00.996+0000 INFO  [o.n.k.i.DiagnosticsManager]  [loader.1] file:/Applications/Neo4j%20Community%20Edition%203.1.3.app/Contents/Resources/jre.bundle/Contents/Home/jre/lib/ext/dnsns.jar
2017-04-20 10:39:00.996+0000 INFO  [o.n.k.i.DiagnosticsManager]  [classpath] /Applications/Neo4j Community Edition 3.1.3.app/Contents/Resources/app/.install4j/i4jruntime.jar
2017-04-20 10:39:00.997+0000 INFO  [o.n.k.i.DiagnosticsManager]  [loader.1] file:/System/Library/Java/Extensions/libJ3DAudio.jnilib
2017-04-20 10:39:00.997+0000 INFO  [o.n.k.i.DiagnosticsManager]  [loader.1] file:/System/Library/Java/Extensions/libAppleScriptEngine.jnilib
2017-04-20 10:39:00.997+0000 INFO  [o.n.k.i.DiagnosticsManager]  [loader.1] file:/System/Library/Java/Extensions/dns_sd.jar
2017-04-20 10:39:00.997+0000 INFO  [o.n.k.i.DiagnosticsManager]  [loader.1] file:/System/Library/Java/Extensions/j3dcore.jar
2017-04-20 10:39:00.997+0000 INFO  [o.n.k.i.DiagnosticsManager]  [loader.1] file:/System/Library/Java/Extensions/MRJToolkit.jar
2017-04-20 10:39:00.997+0000 INFO  [o.n.k.i.DiagnosticsManager]  [bootstrap] /Applications/Neo4j Community Edition 3.1.3.app/Contents/Resources/jre.bundle/Contents/Home/jre/lib/rt.jar
2017-04-20 10:39:00.997+0000 INFO  [o.n.k.i.DiagnosticsManager]  [loader.1] file:/System/Library/Java/Extensions/jai_core.jar
2017-04-20 10:39:00.997+0000 INFO  [o.n.k.i.DiagnosticsManager]  [loader.0] file:/Applications/Neo4j%20Community%20Edition%203.1.3.app/Contents/Resources/app/bin/neo4j-desktop-3.1.3.jar
2017-04-20 10:39:00.997+0000 INFO  [o.n.k.i.DiagnosticsManager] Library path:
2017-04-20 10:39:00.997+0000 INFO  [o.n.k.i.DiagnosticsManager] /Users/kelvin2/Library/Java/Extensions
2017-04-20 10:39:00.997+0000 INFO  [o.n.k.i.DiagnosticsManager] /Library/Java/Extensions
2017-04-20 10:39:00.997+0000 INFO  [o.n.k.i.DiagnosticsManager] /Network/Library/Java/Extensions
2017-04-20 10:39:00.997+0000 INFO  [o.n.k.i.DiagnosticsManager] /System/Library/Java/Extensions
2017-04-20 10:39:00.997+0000 INFO  [o.n.k.i.DiagnosticsManager] /usr/lib/java
2017-04-20 10:39:00.997+0000 INFO  [o.n.k.i.DiagnosticsManager] /Applications/Neo4j Community Edition 3.1.3.app/Contents/Resources/app/bin
2017-04-20 10:39:00.997+0000 INFO  [o.n.k.i.DiagnosticsManager] System.properties:
2017-04-20 10:39:00.997+0000 INFO  [o.n.k.i.DiagnosticsManager] exe4j.moduleName = /Applications/Neo4j Community Edition 3.1.3.app
2017-04-20 10:39:00.997+0000 INFO  [o.n.k.i.DiagnosticsManager] sun.boot.library.path = /Applications/Neo4j Community Edition 3.1.3.app/Contents/Resources/jre.bundle/Contents/Home/jre/lib
2017-04-20 10:39:00.997+0000 INFO  [o.n.k.i.DiagnosticsManager] user.country.format = IE
2017-04-20 10:39:00.998+0000 INFO  [o.n.k.i.DiagnosticsManager] i4j.jreBundle = /Applications/Neo4j Community Edition 3.1.3.app/Contents/Resources/jre.bundle
2017-04-20 10:39:00.998+0000 INFO  [o.n.k.i.DiagnosticsManager] gopherProxySet = false
2017-04-20 10:39:00.998+0000 INFO  [o.n.k.i.DiagnosticsManager] path.separator = :
2017-04-20 10:39:00.998+0000 INFO  [o.n.k.i.DiagnosticsManager] file.encoding.pkg = sun.io
2017-04-20 10:39:00.998+0000 INFO  [o.n.k.i.DiagnosticsManager] user.country = US
2017-04-20 10:39:00.998+0000 INFO  [o.n.k.i.DiagnosticsManager] sun.java.launcher = SUN_STANDARD
2017-04-20 10:39:00.998+0000 INFO  [o.n.k.i.DiagnosticsManager] sun.os.patch.level = unknown
2017-04-20 10:39:00.998+0000 INFO  [o.n.k.i.DiagnosticsManager] install4j.exeDir = /Applications/
2017-04-20 10:39:00.998+0000 INFO  [o.n.k.i.DiagnosticsManager] user.dir = /Applications/Neo4j Community Edition 3.1.3.app/Contents/Resources/app/bin
2017-04-20 10:39:00.998+0000 INFO  [o.n.k.i.DiagnosticsManager] i4j.ownBundlePath = /Applications/Neo4j Community Edition 3.1.3.app
2017-04-20 10:39:00.998+0000 INFO  [o.n.k.i.DiagnosticsManager] sun.jnu.encoding = UTF-8
2017-04-20 10:39:00.998+0000 INFO  [o.n.k.i.DiagnosticsManager] sun.nio.ch.bugLevel = 
2017-04-20 10:39:00.998+0000 INFO  [o.n.k.i.DiagnosticsManager] unsupported.dbms.udc.source = desktop
2017-04-20 10:39:00.998+0000 INFO  [o.n.k.i.DiagnosticsManager] sun.awt.enableExtraMouseButtons = true
2017-04-20 10:39:00.998+0000 INFO  [o.n.k.i.DiagnosticsManager] install4j.launcherId = 24
2017-04-20 10:39:00.998+0000 INFO  [o.n.k.i.DiagnosticsManager] sun.management.compiler = HotSpot 64-Bit Tiered Compilers
2017-04-20 10:39:00.998+0000 INFO  [o.n.k.i.DiagnosticsManager] install4j.swt = false
2017-04-20 10:39:00.998+0000 INFO  [o.n.k.i.DiagnosticsManager] apple.awt.fileDialogForDirectories = false
2017-04-20 10:39:00.998+0000 INFO  [o.n.k.i.DiagnosticsManager] user.home = /Users/kelvin2
2017-04-20 10:39:00.998+0000 INFO  [o.n.k.i.DiagnosticsManager] user.timezone = Europe/Dublin
2017-04-20 10:39:00.998+0000 INFO  [o.n.k.i.DiagnosticsManager] file.encoding = UTF-8
2017-04-20 10:39:00.998+0000 INFO  [o.n.k.i.DiagnosticsManager] user.name = kelvin2
2017-04-20 10:39:00.998+0000 INFO  [o.n.k.i.DiagnosticsManager] sun.java.command = com.install4j.runtime.launcher.MacLauncher
2017-04-20 10:39:00.998+0000 INFO  [o.n.k.i.DiagnosticsManager] sun.arch.data.model = 64
2017-04-20 10:39:00.998+0000 INFO  [o.n.k.i.DiagnosticsManager] user.language = en
2017-04-20 10:39:00.998+0000 INFO  [o.n.k.i.DiagnosticsManager] awt.toolkit = sun.lwawt.macosx.LWCToolkit
2017-04-20 10:39:00.998+0000 INFO  [o.n.k.i.DiagnosticsManager] install4j.appDir = /Applications/Neo4j Community Edition 3.1.3.app/Contents/Resources/app/
2017-04-20 10:39:00.998+0000 INFO  [o.n.k.i.DiagnosticsManager] file.separator = /
2017-04-20 10:39:00.998+0000 INFO  [o.n.k.i.DiagnosticsManager] sun.font.fontmanager = sun.font.CFontManager
2017-04-20 10:39:00.998+0000 INFO  [o.n.k.i.DiagnosticsManager] sun.io.unicode.encoding = UnicodeBig
2017-04-20 10:39:00.998+0000 INFO  [o.n.k.i.DiagnosticsManager] sun.cpu.endian = little
2017-04-20 10:39:00.998+0000 INFO  [o.n.k.i.DiagnosticsManager] sun.cpu.isalist = 
2017-04-20 10:39:00.998+0000 INFO  [o.n.k.i.DiagnosticsManager] Network information:
2017-04-20 10:39:00.999+0000 INFO  [o.n.k.i.DiagnosticsManager] Interface vnic1:
2017-04-20 10:39:00.999+0000 INFO  [o.n.k.i.DiagnosticsManager]     address: 10.37.129.2
2017-04-20 10:39:00.999+0000 INFO  [o.n.k.i.DiagnosticsManager] Interface vnic0:
2017-04-20 10:39:00.999+0000 INFO  [o.n.k.i.DiagnosticsManager]     address: 10.211.55.2
2017-04-20 10:39:00.999+0000 INFO  [o.n.k.i.DiagnosticsManager] Interface en1:
2017-04-20 10:39:00.999+0000 INFO  [o.n.k.i.DiagnosticsManager]     address: fe80:0:0:0:ba8d:12ff:fe2e:35c2%en1
2017-04-20 10:39:00.999+0000 INFO  [o.n.k.i.DiagnosticsManager]     address: 10.12.7.153
2017-04-20 10:39:00.999+0000 INFO  [o.n.k.i.DiagnosticsManager] Interface lo0:
2017-04-20 10:39:00.999+0000 INFO  [o.n.k.i.DiagnosticsManager]     address: fe80:0:0:0:0:0:0:1%lo0
2017-04-20 10:39:00.999+0000 INFO  [o.n.k.i.DiagnosticsManager]     address: 0:0:0:0:0:0:0:1
2017-04-20 10:39:00.999+0000 INFO  [o.n.k.i.DiagnosticsManager]     address: 127.0.0.1
2017-04-20 10:39:00.999+0000 INFO  [o.n.k.i.DiagnosticsManager] --- INITIALIZED diagnostics END ---
2017-04-20 10:39:01.038+0000 INFO  [o.n.b.v.r.WorkerFactory] Bolt Server extension loaded.
2017-04-20 10:39:01.039+0000 INFO  [o.n.b.v.r.WorkerFactory] Bolt enabled on localhost:7687.
2017-04-20 10:39:01.042+0000 INFO  [o.n.k.i.s.f.RecordFormatSelector] Selected format 'RecordFormat:StandardV3_0[v0.A.7]' for the new store
2017-04-20 10:39:01.223+0000 INFO  [o.n.k.i.a.i.IndexingService] IndexingService.init: indexes not specifically mentioned above are POPULATING
2017-04-20 10:39:01.223+0000 INFO  [o.n.k.a.i.l.LuceneLabelScanStore] No lucene scan store index found, this might just be first use. Preparing to rebuild.
2017-04-20 10:39:01.229+0000 INFO  [o.n.k.NeoStoreDataSource] Opened logical log [/Users/kelvin2/Documents/Neo4j/GraphTheory.graphdb/neostore.transaction.db.0] version=0, lastTxId=1 (clean)
2017-04-20 10:39:01.230+0000 INFO  [o.n.k.NeoStoreDataSource] No commits found after last check point (which is at <no log position given>)
2017-04-20 10:39:01.230+0000 WARN  [o.n.k.i.s.MetaDataStore] Missing counts store, rebuilding it.
2017-04-20 10:39:01.294+0000 INFO  [o.n.k.i.a.i.IndexingService] IndexingService.start: indexes not specifically mentioned above are POPULATING
2017-04-20 10:39:01.295+0000 INFO  [o.n.k.a.i.l.LuceneLabelScanStore] Rebuilding lucene scan store, this may take a while
2017-04-20 10:39:01.295+0000 INFO  [o.n.k.a.i.l.LuceneLabelScanStore] Lucene scan store rebuilt (roughly 0 nodes)
2017-04-20 10:39:01.295+0000 INFO  [o.n.k.i.DatabaseHealth] Database health set to OK
2017-04-20 10:39:01.302+0000 INFO  [o.n.k.AvailabilityGuard] Fulfilling of requirement makes database available: Database available
2017-04-20 10:39:01.302+0000 INFO  [o.n.k.i.f.GraphDatabaseFacadeFactory] Database is now ready
2017-04-20 10:39:01.302+0000 INFO  [o.n.k.i.DiagnosticsManager] --- STARTED diagnostics for KernelDiagnostics:Versions START ---
2017-04-20 10:39:01.302+0000 INFO  [o.n.k.i.DiagnosticsManager] Graph Database: community single StoreId{creationTime=1492684741202, randomId=-4866902913335015865, storeVersion=15531981201765894, upgradeTime=1492684741202, upgradeId=1}
2017-04-20 10:39:01.326+0000 INFO  [o.n.k.i.DiagnosticsManager] Kernel version: 3.1.3
2017-04-20 10:39:01.326+0000 INFO  [o.n.k.i.DiagnosticsManager] --- STARTED diagnostics for KernelDiagnostics:Versions END ---
2017-04-20 10:39:01.326+0000 INFO  [o.n.k.i.DiagnosticsManager] --- STARTED diagnostics for NEO_STORE_VERSIONS START ---
2017-04-20 10:39:01.326+0000 INFO  [o.n.k.i.DiagnosticsManager] Store versions:
2017-04-20 10:39:01.326+0000 INFO  [o.n.k.i.DiagnosticsManager] Store versions:
2017-04-20 10:39:01.327+0000 INFO  [o.n.k.i.DiagnosticsManager]   ArrayPropertyStore v0.A.7
2017-04-20 10:39:01.327+0000 INFO  [o.n.k.i.DiagnosticsManager]   NodeStore v0.A.7
2017-04-20 10:39:01.327+0000 INFO  [o.n.k.i.DiagnosticsManager]   StringPropertyStore v0.A.7
2017-04-20 10:39:01.327+0000 INFO  [o.n.k.i.DiagnosticsManager]   PropertyIndexStore v0.A.7
2017-04-20 10:39:01.327+0000 INFO  [o.n.k.i.DiagnosticsManager]   StringPropertyStore v0.A.7
2017-04-20 10:39:01.327+0000 INFO  [o.n.k.i.DiagnosticsManager]   ArrayPropertyStore v0.A.7
2017-04-20 10:39:01.327+0000 INFO  [o.n.k.i.DiagnosticsManager]   PropertyStore v0.A.7
2017-04-20 10:39:01.327+0000 INFO  [o.n.k.i.DiagnosticsManager]   RelationshipStore v0.A.7
2017-04-20 10:39:01.327+0000 INFO  [o.n.k.i.DiagnosticsManager]   StringPropertyStore v0.A.7
2017-04-20 10:39:01.327+0000 INFO  [o.n.k.i.DiagnosticsManager]   RelationshipTypeStore v0.A.7
2017-04-20 10:39:01.327+0000 INFO  [o.n.k.i.DiagnosticsManager]   StringPropertyStore v0.A.7
2017-04-20 10:39:01.327+0000 INFO  [o.n.k.i.DiagnosticsManager]   LabelTokenStore v0.A.7
2017-04-20 10:39:01.327+0000 INFO  [o.n.k.i.DiagnosticsManager]   SchemaStore v0.A.7
2017-04-20 10:39:01.327+0000 INFO  [o.n.k.i.DiagnosticsManager]   RelationshipGroupStore v0.A.7
2017-04-20 10:39:01.328+0000 INFO  [o.n.k.i.DiagnosticsManager]   NeoStore v0.A.7
2017-04-20 10:39:01.328+0000 INFO  [o.n.k.i.DiagnosticsManager] --- STARTED diagnostics for NEO_STORE_VERSIONS END ---
2017-04-20 10:39:01.328+0000 INFO  [o.n.k.i.DiagnosticsManager] --- STARTED diagnostics for NEO_STORE_ID_USAGE START ---
2017-04-20 10:39:01.328+0000 INFO  [o.n.k.i.DiagnosticsManager] Id usage:
2017-04-20 10:39:01.328+0000 INFO  [o.n.k.i.DiagnosticsManager] Id usage:
2017-04-20 10:39:01.328+0000 INFO  [o.n.k.i.DiagnosticsManager]   ArrayPropertyStore: used=1 high=0
2017-04-20 10:39:01.328+0000 INFO  [o.n.k.i.DiagnosticsManager]   NodeStore: used=0 high=-1
2017-04-20 10:39:01.328+0000 INFO  [o.n.k.i.DiagnosticsManager]   StringPropertyStore: used=1 high=0
2017-04-20 10:39:01.328+0000 INFO  [o.n.k.i.DiagnosticsManager]   PropertyIndexStore: used=0 high=-1
2017-04-20 10:39:01.328+0000 INFO  [o.n.k.i.DiagnosticsManager]   StringPropertyStore: used=1 high=0
2017-04-20 10:39:01.328+0000 INFO  [o.n.k.i.DiagnosticsManager]   ArrayPropertyStore: used=1 high=0
2017-04-20 10:39:01.328+0000 INFO  [o.n.k.i.DiagnosticsManager]   PropertyStore: used=0 high=-1
2017-04-20 10:39:01.329+0000 INFO  [o.n.k.i.DiagnosticsManager]   RelationshipStore: used=0 high=-1
2017-04-20 10:39:01.329+0000 INFO  [o.n.k.i.DiagnosticsManager]   StringPropertyStore: used=1 high=0
2017-04-20 10:39:01.329+0000 INFO  [o.n.k.i.DiagnosticsManager]   RelationshipTypeStore: used=0 high=-1
2017-04-20 10:39:01.329+0000 INFO  [o.n.k.i.DiagnosticsManager]   StringPropertyStore: used=1 high=0
2017-04-20 10:39:01.329+0000 INFO  [o.n.k.i.DiagnosticsManager]   LabelTokenStore: used=0 high=-1
2017-04-20 10:39:01.329+0000 INFO  [o.n.k.i.DiagnosticsManager]   SchemaStore: used=1 high=0
2017-04-20 10:39:01.329+0000 INFO  [o.n.k.i.DiagnosticsManager]   RelationshipGroupStore: used=1 high=0
2017-04-20 10:39:01.329+0000 INFO  [o.n.k.i.DiagnosticsManager]   NeoStore: used=15 high=14
2017-04-20 10:39:01.329+0000 INFO  [o.n.k.i.DiagnosticsManager] --- STARTED diagnostics for NEO_STORE_ID_USAGE END ---
2017-04-20 10:39:01.329+0000 INFO  [o.n.k.i.DiagnosticsManager] --- STARTED diagnostics for NEO_STORE_RECORDS START ---
2017-04-20 10:39:01.329+0000 INFO  [o.n.k.i.DiagnosticsManager] Neostore records:
2017-04-20 10:39:01.329+0000 INFO  [o.n.k.i.DiagnosticsManager] TIME (Creation time): 1492684741202
2017-04-20 10:39:01.329+0000 INFO  [o.n.k.i.DiagnosticsManager] RANDOM_NUMBER (Random number for store id): -4866902913335015865
2017-04-20 10:39:01.329+0000 INFO  [o.n.k.i.DiagnosticsManager] LOG_VERSION (Current log version): 0
2017-04-20 10:39:01.330+0000 INFO  [o.n.k.i.DiagnosticsManager] LAST_TRANSACTION_ID (Last committed transaction): 1
2017-04-20 10:39:01.330+0000 INFO  [o.n.k.i.DiagnosticsManager] STORE_VERSION (Store format version): 15531981201765894
2017-04-20 10:39:01.330+0000 INFO  [o.n.k.i.DiagnosticsManager] FIRST_GRAPH_PROPERTY (First property record containing graph properties): -1
2017-04-20 10:39:01.330+0000 INFO  [o.n.k.i.DiagnosticsManager] LAST_CONSTRAINT_TRANSACTION (Last committed transaction containing constraint changes): 0
2017-04-20 10:39:01.330+0000 INFO  [o.n.k.i.DiagnosticsManager] UPGRADE_TRANSACTION_ID (Transaction id most recent upgrade was performed at): 1
2017-04-20 10:39:01.330+0000 INFO  [o.n.k.i.DiagnosticsManager] UPGRADE_TIME (Time of last upgrade): 1492684741202
2017-04-20 10:39:01.330+0000 INFO  [o.n.k.i.DiagnosticsManager] LAST_TRANSACTION_CHECKSUM (Checksum of last committed transaction): 0
2017-04-20 10:39:01.330+0000 INFO  [o.n.k.i.DiagnosticsManager] UPGRADE_TRANSACTION_CHECKSUM (Checksum of transaction id the most recent upgrade was performed at): 0
2017-04-20 10:39:01.330+0000 INFO  [o.n.k.i.DiagnosticsManager] LAST_CLOSED_TRANSACTION_LOG_VERSION (Log version where the last transaction commit entry has been written into): 0
2017-04-20 10:39:01.330+0000 INFO  [o.n.k.i.DiagnosticsManager] LAST_CLOSED_TRANSACTION_LOG_BYTE_OFFSET (Byte offset in the log file where the last transaction commit entry has been written into): 16
2017-04-20 10:39:01.330+0000 INFO  [o.n.k.i.DiagnosticsManager] LAST_TRANSACTION_COMMIT_TIMESTAMP (Commit time timestamp for last committed transaction): 0
2017-04-20 10:39:01.330+0000 INFO  [o.n.k.i.DiagnosticsManager] UPGRADE_TRANSACTION_COMMIT_TIMESTAMP (Commit timestamp of transaction the most recent upgrade was performed at): 0
2017-04-20 10:39:01.330+0000 INFO  [o.n.k.i.DiagnosticsManager] --- STARTED diagnostics for NEO_STORE_RECORDS END ---
2017-04-20 10:39:01.330+0000 INFO  [o.n.k.i.DiagnosticsManager] --- STARTED diagnostics for TRANSACTION_RANGE START ---
2017-04-20 10:39:01.330+0000 INFO  [o.n.k.i.DiagnosticsManager] Transaction log:
2017-04-20 10:39:01.331+0000 INFO  [o.n.k.i.DiagnosticsManager] No transactions found in any log
2017-04-20 10:39:01.331+0000 INFO  [o.n.k.i.DiagnosticsManager] --- STARTED diagnostics for TRANSACTION_RANGE END ---
2017-04-20 10:39:01.331+0000 INFO  [o.n.k.i.DiagnosticsManager] --- STARTED diagnostics for KernelDiagnostics:StoreFiles START ---
2017-04-20 10:39:01.331+0000 INFO  [o.n.k.i.DiagnosticsManager] Disk space on partition (Total / Free / Free %): 498876809216 / 91066699776 / 18
Storage files: (filename : modification date - size)
2017-04-20 10:39:01.332+0000 INFO  [o.n.k.i.DiagnosticsManager]   certificates:
2017-04-20 10:39:01.332+0000 INFO  [o.n.k.i.DiagnosticsManager]     neo4j.cert: 2017-04-20T11:39:00+0100 - 985.00 B
2017-04-20 10:39:01.332+0000 INFO  [o.n.k.i.DiagnosticsManager]     neo4j.key: 2017-04-20T11:39:00+0100 - 1.66 kB
2017-04-20 10:39:01.332+0000 INFO  [o.n.k.i.DiagnosticsManager]   - Total: 2017-04-20T11:39:00+0100 - 2.63 kB
2017-04-20 10:39:01.332+0000 INFO  [o.n.k.i.DiagnosticsManager]   data:
2017-04-20 10:39:01.333+0000 INFO  [o.n.k.i.DiagnosticsManager]     dbms:
2017-04-20 10:39:01.333+0000 INFO  [o.n.k.i.DiagnosticsManager]       auth: 2017-04-20T11:39:01+0100 - 137.00 B
2017-04-20 10:39:01.333+0000 INFO  [o.n.k.i.DiagnosticsManager]     - Total: 2017-04-20T11:39:01+0100 - 137.00 B
2017-04-20 10:39:01.333+0000 INFO  [o.n.k.i.DiagnosticsManager]   - Total: 2017-04-20T11:39:01+0100 - 137.00 B
2017-04-20 10:39:01.333+0000 INFO  [o.n.k.i.DiagnosticsManager]   index:
2017-04-20 10:39:01.333+0000 INFO  [o.n.k.i.DiagnosticsManager]   - Total: 2017-04-20T11:39:01+0100 - 0.00 B
2017-04-20 10:39:01.333+0000 INFO  [o.n.k.i.DiagnosticsManager]   logs:
2017-04-20 10:39:01.333+0000 INFO  [o.n.k.i.DiagnosticsManager]     debug.log: 2017-04-20T11:39:01+0100 - 28.06 kB
2017-04-20 10:39:01.333+0000 INFO  [o.n.k.i.DiagnosticsManager]   - Total: 2017-04-20T11:39:00+0100 - 28.06 kB
2017-04-20 10:39:01.334+0000 INFO  [o.n.k.i.DiagnosticsManager]   neostore: 2017-04-20T11:39:01+0100 - 8.00 kB
2017-04-20 10:39:01.334+0000 INFO  [o.n.k.i.DiagnosticsManager]   neostore.counts.db.a: 2017-04-20T11:39:01+0100 - 96.00 B
2017-04-20 10:39:01.334+0000 INFO  [o.n.k.i.DiagnosticsManager]   neostore.id: 2017-04-20T11:39:01+0100 - 9.00 B
2017-04-20 10:39:01.334+0000 INFO  [o.n.k.i.DiagnosticsManager]   neostore.labeltokenstore.db: 2017-04-20T11:39:01+0100 - 0.00 B
2017-04-20 10:39:01.334+0000 INFO  [o.n.k.i.DiagnosticsManager]   neostore.labeltokenstore.db.id: 2017-04-20T11:39:01+0100 - 9.00 B
2017-04-20 10:39:01.334+0000 INFO  [o.n.k.i.DiagnosticsManager]   neostore.labeltokenstore.db.names: 2017-04-20T11:39:01+0100 - 8.00 kB
2017-04-20 10:39:01.334+0000 INFO  [o.n.k.i.DiagnosticsManager]   neostore.labeltokenstore.db.names.id: 2017-04-20T11:39:01+0100 - 9.00 B
2017-04-20 10:39:01.334+0000 INFO  [o.n.k.i.DiagnosticsManager]   neostore.nodestore.db: 2017-04-20T11:39:01+0100 - 0.00 B
2017-04-20 10:39:01.334+0000 INFO  [o.n.k.i.DiagnosticsManager]   neostore.nodestore.db.id: 2017-04-20T11:39:01+0100 - 9.00 B
2017-04-20 10:39:01.335+0000 INFO  [o.n.k.i.DiagnosticsManager]   neostore.nodestore.db.labels: 2017-04-20T11:39:01+0100 - 8.00 kB
2017-04-20 10:39:01.335+0000 INFO  [o.n.k.i.DiagnosticsManager]   neostore.nodestore.db.labels.id: 2017-04-20T11:39:01+0100 - 9.00 B
2017-04-20 10:39:01.335+0000 INFO  [o.n.k.i.DiagnosticsManager]   neostore.propertystore.db: 2017-04-20T11:39:01+0100 - 0.00 B
2017-04-20 10:39:01.335+0000 INFO  [o.n.k.i.DiagnosticsManager]   neostore.propertystore.db.arrays: 2017-04-20T11:39:01+0100 - 8.00 kB
2017-04-20 10:39:01.335+0000 INFO  [o.n.k.i.DiagnosticsManager]   neostore.propertystore.db.arrays.id: 2017-04-20T11:39:01+0100 - 9.00 B
2017-04-20 10:39:01.335+0000 INFO  [o.n.k.i.DiagnosticsManager]   neostore.propertystore.db.id: 2017-04-20T11:39:01+0100 - 9.00 B
2017-04-20 10:39:01.336+0000 INFO  [o.n.k.i.DiagnosticsManager]   neostore.propertystore.db.index: 2017-04-20T11:39:01+0100 - 0.00 B
2017-04-20 10:39:01.336+0000 INFO  [o.n.k.i.DiagnosticsManager]   neostore.propertystore.db.index.id: 2017-04-20T11:39:01+0100 - 9.00 B
2017-04-20 10:39:01.336+0000 INFO  [o.n.k.i.DiagnosticsManager]   neostore.propertystore.db.index.keys: 2017-04-20T11:39:01+0100 - 8.00 kB
2017-04-20 10:39:01.336+0000 INFO  [o.n.k.i.DiagnosticsManager]   neostore.propertystore.db.index.keys.id: 2017-04-20T11:39:01+0100 - 9.00 B
2017-04-20 10:39:01.336+0000 INFO  [o.n.k.i.DiagnosticsManager]   neostore.propertystore.db.strings: 2017-04-20T11:39:01+0100 - 8.00 kB
2017-04-20 10:39:01.336+0000 INFO  [o.n.k.i.DiagnosticsManager]   neostore.propertystore.db.strings.id: 2017-04-20T11:39:01+0100 - 9.00 B
2017-04-20 10:39:01.337+0000 INFO  [o.n.k.i.DiagnosticsManager]   neostore.relationshipgroupstore.db: 2017-04-20T11:39:01+0100 - 8.00 kB
2017-04-20 10:39:01.337+0000 INFO  [o.n.k.i.DiagnosticsManager]   neostore.relationshipgroupstore.db.id: 2017-04-20T11:39:01+0100 - 9.00 B
2017-04-20 10:39:01.337+0000 INFO  [o.n.k.i.DiagnosticsManager]   neostore.relationshipstore.db: 2017-04-20T11:39:01+0100 - 0.00 B
2017-04-20 10:39:01.337+0000 INFO  [o.n.k.i.DiagnosticsManager]   neostore.relationshipstore.db.id: 2017-04-20T11:39:01+0100 - 9.00 B
2017-04-20 10:39:01.337+0000 INFO  [o.n.k.i.DiagnosticsManager]   neostore.relationshiptypestore.db: 2017-04-20T11:39:01+0100 - 0.00 B
2017-04-20 10:39:01.337+0000 INFO  [o.n.k.i.DiagnosticsManager]   neostore.relationshiptypestore.db.id: 2017-04-20T11:39:01+0100 - 9.00 B
2017-04-20 10:39:01.337+0000 INFO  [o.n.k.i.DiagnosticsManager]   neostore.relationshiptypestore.db.names: 2017-04-20T11:39:01+0100 - 8.00 kB
2017-04-20 10:39:01.337+0000 INFO  [o.n.k.i.DiagnosticsManager]   neostore.relationshiptypestore.db.names.id: 2017-04-20T11:39:01+0100 - 9.00 B
2017-04-20 10:39:01.338+0000 INFO  [o.n.k.i.DiagnosticsManager]   neostore.schemastore.db: 2017-04-20T11:39:01+0100 - 8.00 kB
2017-04-20 10:39:01.338+0000 INFO  [o.n.k.i.DiagnosticsManager]   neostore.schemastore.db.id: 2017-04-20T11:39:01+0100 - 9.00 B
2017-04-20 10:39:01.338+0000 INFO  [o.n.k.i.DiagnosticsManager]   neostore.transaction.db.0: 2017-04-20T11:39:01+0100 - 16.00 B
2017-04-20 10:39:01.338+0000 INFO  [o.n.k.i.DiagnosticsManager]   schema:
2017-04-20 10:39:01.338+0000 INFO  [o.n.k.i.DiagnosticsManager]     label:
2017-04-20 10:39:01.338+0000 INFO  [o.n.k.i.DiagnosticsManager]       lucene:
2017-04-20 10:39:01.338+0000 INFO  [o.n.k.i.DiagnosticsManager]         labelStore:
2017-04-20 10:39:01.339+0000 INFO  [o.n.k.i.DiagnosticsManager]           1:
2017-04-20 10:39:01.339+0000 INFO  [o.n.k.i.DiagnosticsManager]             write.lock: 2017-04-20T11:39:01+0100 - 0.00 B
2017-04-20 10:39:01.339+0000 INFO  [o.n.k.i.DiagnosticsManager]           - Total: 2017-04-20T11:39:01+0100 - 0.00 B
2017-04-20 10:39:01.339+0000 INFO  [o.n.k.i.DiagnosticsManager]           failure-message: 2017-04-20T11:39:01+0100 - 16.00 kB
2017-04-20 10:39:01.339+0000 INFO  [o.n.k.i.DiagnosticsManager]         - Total: 2017-04-20T11:39:01+0100 - 16.00 kB
2017-04-20 10:39:01.339+0000 INFO  [o.n.k.i.DiagnosticsManager]       - Total: 2017-04-20T11:39:01+0100 - 16.00 kB
2017-04-20 10:39:01.339+0000 INFO  [o.n.k.i.DiagnosticsManager]     - Total: 2017-04-20T11:39:01+0100 - 16.00 kB
2017-04-20 10:39:01.339+0000 INFO  [o.n.k.i.DiagnosticsManager]   - Total: 2017-04-20T11:39:01+0100 - 16.00 kB
2017-04-20 10:39:01.339+0000 INFO  [o.n.k.i.DiagnosticsManager]   store_lock: 2017-04-20T11:39:01+0100 - 0.00 B
2017-04-20 10:39:01.340+0000 INFO  [o.n.k.i.DiagnosticsManager] --- STARTED diagnostics for KernelDiagnostics:StoreFiles END ---
2017-04-20 10:39:01.349+0000 INFO  [o.n.k.i.DiagnosticsManager] --- SERVER STARTED START ---
2017-04-20 10:39:02.211+0000 INFO  [o.n.k.i.DiagnosticsManager] --- SERVER STARTED END ---
2017-04-20 10:43:06.237+0000 WARN  [o.n.k.i.c.MonitorGc] GC Monitor: Application threads blocked for 5576ms.
2017-04-20 10:43:06.700+0000 WARN  [o.n.k.i.c.MonitorGc] GC Monitor: Application threads blocked for 239ms.
2017-04-20 10:43:08.164+0000 WARN  [o.n.k.i.c.MonitorGc] GC Monitor: Application threads blocked for 1362ms.
2017-04-20 10:43:18.264+0000 WARN  [o.n.k.i.c.MonitorGc] GC Monitor: Application threads blocked for 10000ms.
2017-04-20 10:43:21.999+0000 WARN  [o.n.k.i.c.MonitorGc] GC Monitor: Application threads blocked for 3634ms.
2017-04-20 10:43:23.052+0000 WARN  [o.n.k.i.c.MonitorGc] GC Monitor: Application threads blocked for 852ms.
2017-04-20 10:44:09.295+0000 INFO  [o.n.k.i.t.l.c.CheckPointerImpl] Check Pointing triggered by scheduler for time threshold [4]:  Starting check pointing...
2017-04-20 10:44:09.295+0000 INFO  [o.n.k.i.t.l.c.CheckPointerImpl] Check Pointing triggered by scheduler for time threshold [4]:  Starting store flush...
2017-04-20 10:44:09.306+0000 INFO  [o.n.k.i.s.c.CountsTracker] About to rotate counts store at transaction 4 to [/Users/kelvin2/Documents/Neo4j/GraphTheory.graphdb/neostore.counts.db.b], from [/Users/kelvin2/Documents/Neo4j/GraphTheory.graphdb/neostore.counts.db.a].
2017-04-20 10:44:09.308+0000 INFO  [o.n.k.i.s.c.CountsTracker] Successfully rotated counts store at transaction 4 to [/Users/kelvin2/Documents/Neo4j/GraphTheory.graphdb/neostore.counts.db.b], from [/Users/kelvin2/Documents/Neo4j/GraphTheory.graphdb/neostore.counts.db.a].
2017-04-20 10:44:09.316+0000 INFO  [o.n.k.i.t.l.c.CheckPointerImpl] Check Pointing triggered by scheduler for time threshold [4]:  Store flush completed
2017-04-20 10:44:09.316+0000 INFO  [o.n.k.i.t.l.c.CheckPointerImpl] Check Pointing triggered by scheduler for time threshold [4]:  Starting appending check point entry into the tx log...
2017-04-20 10:44:09.317+0000 INFO  [o.n.k.i.t.l.c.CheckPointerImpl] Check Pointing triggered by scheduler for time threshold [4]:  Appending check point entry into the tx log completed
2017-04-20 10:44:09.317+0000 INFO  [o.n.k.i.t.l.c.CheckPointerImpl] Check Pointing triggered by scheduler for time threshold [4]:  Check pointing completed
2017-04-20 10:44:09.317+0000 INFO  [o.n.k.i.t.l.p.LogPruningImpl] Log Rotation [0]:  Starting log pruning.
2017-04-20 10:44:09.317+0000 INFO  [o.n.k.i.t.l.p.LogPruningImpl] Log Rotation [0]:  Log pruning complete.
2017-04-20 10:44:41.678+0000 WARN  [o.n.k.i.c.MonitorGc] GC Monitor: Application threads blocked for 10000ms.
2017-04-20 10:44:48.491+0000 WARN  [o.n.k.i.c.MonitorGc] GC Monitor: Application threads blocked for 6693ms.
2017-04-20 10:44:58.592+0000 WARN  [o.n.k.i.c.MonitorGc] GC Monitor: Application threads blocked for 10000ms.
2017-04-20 10:45:00.010+0000 WARN  [o.n.k.i.c.MonitorGc] GC Monitor: Application threads blocked for 1318ms.
2017-04-20 10:47:10.643+0000 INFO  [o.n.c.i.ExecutionEngine] Discarded stale query from the query cache: CALL db.labels() YIELD label
WITH COLLECT(label) AS labels
RETURN 'labels' as a, labels as result
UNION
CALL db.relationshipTypes() YIELD relationshipType
WITH COLLECT(relationshipType) AS relationshipTypes
RETURN 'relationshipTypes'as a, relationshipTypes as result
UNION
CALL db.propertyKeys() YIELD propertyKey
WITH COLLECT(propertyKey) AS propertyKeys
RETURN 'propertyKeys' as a, propertyKeys as result
2017-04-20 10:47:10.657+0000 INFO  [o.n.c.i.CypherCompiler] Discarded stale query from the query cache: CALL db.labels() YIELD label
WITH COLLECT(label) AS labels
RETURN 'labels' as a, labels as result
UNION
CALL db.relationshipTypes() YIELD relationshipType
WITH COLLECT(relationshipType) AS relationshipTypes
RETURN 'relationshipTypes'as a, relationshipTypes as result
UNION
CALL db.propertyKeys() YIELD propertyKey
WITH COLLECT(propertyKey) AS propertyKeys
RETURN 'propertyKeys' as a, propertyKeys as result
2017-04-20 10:47:16.450+0000 INFO  [o.n.c.i.CypherCompiler] Discarded stale query from the query cache: CREATE (d:days  {dayName: "Friday"}) return d
2017-04-20 10:47:20.336+0000 INFO  [o.n.c.i.ExecutionEngine] Discarded stale query from the query cache: MATCH (a)-[r]->(b) WHERE id(a) IN {node_ids}
AND id(b) IN {new_node_ids}
RETURN r;
2017-04-20 10:47:20.339+0000 INFO  [o.n.c.i.CypherCompiler] Discarded stale query from the query cache: MATCH (a)-[r]->(b) WHERE id(a) IN {node_ids}
AND id(b) IN {new_node_ids}
RETURN r;
2017-04-20 10:49:11.619+0000 WARN  [o.n.k.i.c.MonitorGc] GC Monitor: Application threads blocked for 10000ms.
2017-04-20 10:49:13.279+0000 INFO  [o.n.k.i.t.l.c.CheckPointerImpl] Check Pointing triggered by scheduler for time threshold [11]:  Starting check pointing...
2017-04-20 10:49:13.279+0000 INFO  [o.n.k.i.t.l.c.CheckPointerImpl] Check Pointing triggered by scheduler for time threshold [11]:  Starting store flush...
2017-04-20 10:49:13.339+0000 INFO  [o.n.k.i.s.c.CountsTracker] About to rotate counts store at transaction 11 to [/Users/kelvin2/Documents/Neo4j/GraphTheory.graphdb/neostore.counts.db.a], from [/Users/kelvin2/Documents/Neo4j/GraphTheory.graphdb/neostore.counts.db.b].
2017-04-20 10:49:13.397+0000 INFO  [o.n.k.i.s.c.CountsTracker] Successfully rotated counts store at transaction 11 to [/Users/kelvin2/Documents/Neo4j/GraphTheory.graphdb/neostore.counts.db.a], from [/Users/kelvin2/Documents/Neo4j/GraphTheory.graphdb/neostore.counts.db.b].
2017-04-20 10:49:13.469+0000 INFO  [o.n.k.i.t.l.c.CheckPointerImpl] Check Pointing triggered by scheduler for time threshold [11]:  Store flush completed
2017-04-20 10:49:13.469+0000 INFO  [o.n.k.i.t.l.c.CheckPointerImpl] Check Pointing triggered by scheduler for time threshold [11]:  Starting appending check point entry into the tx log...
2017-04-20 10:49:13.470+0000 INFO  [o.n.k.i.t.l.c.CheckPointerImpl] Check Pointing triggered by scheduler for time threshold [11]:  Appending check point entry into the tx log completed
2017-04-20 10:49:13.470+0000 INFO  [o.n.k.i.t.l.c.CheckPointerImpl] Check Pointing triggered by scheduler for time threshold [11]:  Check pointing completed
2017-04-20 10:49:13.470+0000 INFO  [o.n.k.i.t.l.p.LogPruningImpl] Log Rotation [0]:  Starting log pruning.
2017-04-20 10:49:13.470+0000 INFO  [o.n.k.i.t.l.p.LogPruningImpl] Log Rotation [0]:  Log pruning complete.
2017-04-20 10:49:14.651+0000 WARN  [o.n.k.i.c.MonitorGc] GC Monitor: Application threads blocked for 2859ms.
2017-04-20 10:49:15.310+0000 WARN  [o.n.k.i.c.MonitorGc] GC Monitor: Application threads blocked for 559ms.
2017-04-20 10:49:24.399+0000 WARN  [o.n.k.i.c.MonitorGc] GC Monitor: Application threads blocked for 8656ms.
2017-04-20 10:49:34.734+0000 WARN  [o.n.k.i.c.MonitorGc] GC Monitor: Application threads blocked for 10000ms.
2017-04-20 10:49:44.834+0000 WARN  [o.n.k.i.c.MonitorGc] GC Monitor: Application threads blocked for 10000ms.
2017-04-20 10:49:48.571+0000 WARN  [o.n.k.i.c.MonitorGc] GC Monitor: Application threads blocked for 3636ms.
2017-04-20 10:49:51.870+0000 WARN  [o.n.k.i.c.MonitorGc] GC Monitor: Application threads blocked for 2851ms.
2017-04-20 10:49:54.494+0000 WARN  [o.n.k.i.c.MonitorGc] GC Monitor: Application threads blocked for 2324ms.
2017-04-20 10:49:57.197+0000 WARN  [o.n.k.i.c.MonitorGc] GC Monitor: Application threads blocked for 2502ms.
2017-04-20 10:49:57.716+0000 WARN  [o.n.k.i.c.MonitorGc] GC Monitor: Application threads blocked for 418ms.
2017-04-20 10:49:59.981+0000 WARN  [o.n.k.i.c.MonitorGc] GC Monitor: Application threads blocked for 1921ms.
2017-04-20 10:50:41.831+0000 WARN  [o.n.k.i.c.MonitorGc] GC Monitor: Application threads blocked for 10000ms.
2017-04-20 10:50:48.271+0000 WARN  [o.n.k.i.c.MonitorGc] GC Monitor: Application threads blocked for 6275ms.
2017-04-20 10:50:58.371+0000 WARN  [o.n.k.i.c.MonitorGc] GC Monitor: Application threads blocked for 10000ms.
2017-04-20 10:51:00.008+0000 WARN  [o.n.k.i.c.MonitorGc] GC Monitor: Application threads blocked for 1536ms.
2017-04-20 10:52:23.443+0000 INFO  [o.n.c.i.ExecutionEngine] Discarded stale query from the query cache: EXPLAIN MATCH (n:collegeCourse { courseName: "BSc Computing & Software Development"}), (d:days { dayName: "Monday"}) CREATE (n)-[:Days]->(d)
2017-04-20 10:52:23.471+0000 INFO  [o.n.c.i.CypherCompiler] Discarded stale query from the query cache: MATCH (n:collegeCourse { courseName: "BSc Computing & Software Development"}), (d:days { dayName: "Monday"}) CREATE (n)-[:Days]->(d)
2017-04-20 10:52:41.326+0000 WARN  [o.n.k.i.c.MonitorGc] GC Monitor: Application threads blocked for 10000ms.
2017-04-20 10:52:42.329+0000 WARN  [o.n.k.i.c.MonitorGc] GC Monitor: Application threads blocked for 902ms.
2017-04-20 10:52:52.717+0000 WARN  [o.n.k.i.c.MonitorGc] GC Monitor: Application threads blocked for 10000ms.
2017-04-20 10:53:01.261+0000 WARN  [o.n.k.i.c.MonitorGc] GC Monitor: Application threads blocked for 8443ms.
2017-04-20 10:53:02.279+0000 WARN  [o.n.k.i.c.MonitorGc] GC Monitor: Application threads blocked for 817ms.
2017-04-20 10:53:03.261+0000 WARN  [o.n.k.i.c.MonitorGc] GC Monitor: Application threads blocked for 781ms.
2017-04-20 10:53:03.787+0000 WARN  [o.n.k.i.c.MonitorGc] GC Monitor: Application threads blocked for 325ms.
2017-04-20 10:53:04.562+0000 WARN  [o.n.k.i.c.MonitorGc] GC Monitor: Application threads blocked for 574ms.
2017-04-20 10:53:06.364+0000 WARN  [o.n.k.i.c.MonitorGc] GC Monitor: Application threads blocked for 352ms.
2017-04-20 10:53:07.123+0000 WARN  [o.n.k.i.c.MonitorGc] GC Monitor: Application threads blocked for 558ms.
2017-04-20 10:53:07.733+0000 WARN  [o.n.k.i.c.MonitorGc] GC Monitor: Application threads blocked for 409ms.
2017-04-20 10:53:13.179+0000 WARN  [o.n.k.i.c.MonitorGc] GC Monitor: Application threads blocked for 4222ms.
2017-04-20 10:53:13.556+0000 WARN  [o.n.k.i.c.MonitorGc] GC Monitor: Application threads blocked for 276ms.
2017-04-20 10:53:16.326+0000 WARN  [o.n.k.i.c.MonitorGc] GC Monitor: Application threads blocked for 2670ms.
2017-04-20 10:53:18.229+0000 WARN  [o.n.k.i.c.MonitorGc] GC Monitor: Application threads blocked for 1603ms.
2017-04-20 10:53:52.300+0000 INFO  [o.n.c.i.CypherCompiler] Discarded stale query from the query cache: CREATE (n:collegeCourse  {courseName: "BSc Computing in Software Development"}) return n
2017-04-20 10:54:16.339+0000 INFO  [o.n.k.i.t.l.c.CheckPointerImpl] Check Pointing triggered by scheduler for time threshold [13]:  Starting check pointing...
2017-04-20 10:54:16.340+0000 INFO  [o.n.k.i.t.l.c.CheckPointerImpl] Check Pointing triggered by scheduler for time threshold [13]:  Starting store flush...
2017-04-20 10:54:16.402+0000 INFO  [o.n.k.i.s.c.CountsTracker] About to rotate counts store at transaction 13 to [/Users/kelvin2/Documents/Neo4j/GraphTheory.graphdb/neostore.counts.db.b], from [/Users/kelvin2/Documents/Neo4j/GraphTheory.graphdb/neostore.counts.db.a].
2017-04-20 10:54:16.451+0000 INFO  [o.n.k.i.s.c.CountsTracker] Successfully rotated counts store at transaction 13 to [/Users/kelvin2/Documents/Neo4j/GraphTheory.graphdb/neostore.counts.db.b], from [/Users/kelvin2/Documents/Neo4j/GraphTheory.graphdb/neostore.counts.db.a].
2017-04-20 10:54:16.493+0000 INFO  [o.n.k.i.t.l.c.CheckPointerImpl] Check Pointing triggered by scheduler for time threshold [13]:  Store flush completed
2017-04-20 10:54:16.493+0000 INFO  [o.n.k.i.t.l.c.CheckPointerImpl] Check Pointing triggered by scheduler for time threshold [13]:  Starting appending check point entry into the tx log...
2017-04-20 10:54:16.494+0000 INFO  [o.n.k.i.t.l.c.CheckPointerImpl] Check Pointing triggered by scheduler for time threshold [13]:  Appending check point entry into the tx log completed
2017-04-20 10:54:16.494+0000 INFO  [o.n.k.i.t.l.c.CheckPointerImpl] Check Pointing triggered by scheduler for time threshold [13]:  Check pointing completed
2017-04-20 10:54:16.495+0000 INFO  [o.n.k.i.t.l.p.LogPruningImpl] Log Rotation [0]:  Starting log pruning.
2017-04-20 10:54:16.495+0000 INFO  [o.n.k.i.t.l.p.LogPruningImpl] Log Rotation [0]:  Log pruning complete.
2017-04-20 10:54:27.734+0000 INFO  [o.n.c.i.ExecutionEngine] Discarded stale query from the query cache: EXPLAIN CREATE (d:days  {dayName: "Thursday"}) return d
2017-04-20 10:54:28.215+0000 INFO  [o.n.c.i.ExecutionEngine] Discarded stale query from the query cache: EXPLAIN CREATE (d:days  {dayName: "Wednesday"}) return d
2017-04-20 10:56:11.806+0000 WARN  [o.n.k.i.c.MonitorGc] GC Monitor: Application threads blocked for 10000ms.
2017-04-20 10:56:14.597+0000 WARN  [o.n.k.i.c.MonitorGc] GC Monitor: Application threads blocked for 2617ms.
2017-04-20 10:56:15.650+0000 WARN  [o.n.k.i.c.MonitorGc] GC Monitor: Application threads blocked for 206ms.
2017-04-20 10:56:17.018+0000 WARN  [o.n.k.i.c.MonitorGc] GC Monitor: Application threads blocked for 570ms.
2017-04-20 10:56:17.449+0000 WARN  [o.n.k.i.c.MonitorGc] GC Monitor: Application threads blocked for 231ms.
2017-04-20 10:56:18.676+0000 WARN  [o.n.k.i.c.MonitorGc] GC Monitor: Application threads blocked for 277ms.
2017-04-20 10:56:22.271+0000 WARN  [o.n.k.i.c.MonitorGc] GC Monitor: Application threads blocked for 3493ms.
2017-04-20 10:57:34.097+0000 WARN  [o.n.k.i.c.MonitorGc] GC Monitor: Application threads blocked for 2296ms.
2017-04-20 10:57:36.166+0000 WARN  [o.n.k.i.c.MonitorGc] GC Monitor: Application threads blocked for 1778ms.
2017-04-20 10:57:36.247+0000 INFO  [o.n.c.i.ExecutionEngine] Discarded stale query from the query cache: MATCH (n:days) RETURN n LIMIT 25
2017-04-20 10:57:36.248+0000 INFO  [o.n.c.i.CypherCompiler] Discarded stale query from the query cache: MATCH (n:days) RETURN n LIMIT 25
2017-04-20 10:57:36.329+0000 INFO  [o.n.c.i.ExecutionEngine] Discarded stale query from the query cache: MATCH (a)-[r]->(b) WHERE id(a) IN {node_ids}
AND id(b) IN {new_node_ids}
RETURN r;
2017-04-20 10:57:36.331+0000 INFO  [o.n.c.i.CypherCompiler] Discarded stale query from the query cache: MATCH (a)-[r]->(b) WHERE id(a) IN {node_ids}
AND id(b) IN {new_node_ids}
RETURN r;
2017-04-20 10:57:40.385+0000 WARN  [o.n.k.i.c.MonitorGc] GC Monitor: Application threads blocked for 3892ms.
2017-04-20 10:57:44.612+0000 WARN  [o.n.k.i.c.MonitorGc] GC Monitor: Application threads blocked for 3887ms.
